2021-06-05-20:27:46:
list index out of range
2021-06-05-20:31:46:
time data 'Nueva carpeta' does not match format '%Y-%m-%d-%H_%M_%S'

2021-06-05-20:31:46:
list index out of range

2021-06-05-20:33:05:
[Errno 13] Permission denied: './results/2021-06-03-14_03_22'

2021-06-05-20:33:05:
list index out of range

2021-06-05-20:34:27:
[Errno 13] Permission denied: './results/2021-06-03-14_03_22'

2021-06-05-20:38:36:
[Errno 13] Permission denied: './results/2021-06-03-14_03_22'

2021-06-05-20:42:06:
[Errno 13] Permission denied: './results/2021-06-03-14_03_22'

2021-06-05-20:42:14:
[Errno 13] Permission denied: './results/2021-06-03-14_03_22'

2021-06-05-20:42:51:
[Errno 13] Permission denied: './results/2021-06-03-14_03_22'

2021-06-05-20:44:21:
[Errno 13] Permission denied: './results/2021-06-03-14_03_22'

2021-06-05-20:51:45:
[Errno 13] Permission denied: './results/2021-06-03-14_03_22'

2021-06-05-20:53:52:
time data '2021-06-04_15_03_25' does not match format '%Y-%m-%d-%H_%M_%S'

2021-06-05-20:54:23:
time data '2021-06-04_15_03_25' does not match format '%Y-%m-%d-%H_%M_%S'

2021-06-05-20:55:16:
time data '2021-06-04_15_03_25' does not match format '%Y-%m-%d-%H_%M_%S'

2021-06-05-20:56:01:
time data '2021-06-04_15_03_25' does not match format '%Y-%m-%d-%H_%M_%S'

2021-06-07-18:50:32:
time data '.git' does not match format '%Y-%m-%d-%H_%M_%S'

2021-06-07-18:50:48:
time data '.git' does not match format '%Y-%m-%d-%H_%M_%S'

2021-06-07-18:50:48:
time data 'generarGrafica' does not match format '%Y-%m-%d-%H_%M_%S'

2021-06-07-18:50:48:
time data 'guardarTop20' does not match format '%Y-%m-%d-%H_%M_%S'

2021-06-07-18:50:48:
time data 'log' does not match format '%Y-%m-%d-%H_%M_%S'

2021-06-07-18:50:48:
time data 'results' does not match format '%Y-%m-%d-%H_%M_%S'

2021-06-07-18:50:48:
time data '__pycache__' does not match format '%Y-%m-%d-%H_%M_%S'

2021-06-07-18:58:46:
time data '.git' does not match format '%Y-%m-%d-%H_%M_%S'

2021-06-07-18:58:46:
time data 'generarGrafica' does not match format '%Y-%m-%d-%H_%M_%S'

2021-06-07-18:58:46:
time data 'guardarTop20' does not match format '%Y-%m-%d-%H_%M_%S'

2021-06-07-18:58:46:
time data 'log' does not match format '%Y-%m-%d-%H_%M_%S'

2021-06-07-18:58:46:
time data 'results' does not match format '%Y-%m-%d-%H_%M_%S'

2021-06-07-18:58:46:
time data '__pycache__' does not match format '%Y-%m-%d-%H_%M_%S'

2021-06-07-18:59:59:
time data '.git' does not match format '%Y-%m-%d-%H_%M_%S'

2021-06-07-19:00:00:
time data 'generarGrafica' does not match format '%Y-%m-%d-%H_%M_%S'

2021-06-07-19:00:00:
time data 'guardarTop20' does not match format '%Y-%m-%d-%H_%M_%S'

2021-06-07-19:00:00:
time data 'log' does not match format '%Y-%m-%d-%H_%M_%S'

2021-06-07-19:00:00:
time data 'results' does not match format '%Y-%m-%d-%H_%M_%S'

2021-06-07-19:00:00:
time data '__pycache__' does not match format '%Y-%m-%d-%H_%M_%S'

2021-06-07-19:00:26:
time data '.git' does not match format '%Y-%m-%d-%H_%M_%S'

2021-06-07-19:00:26:
time data 'generarGrafica' does not match format '%Y-%m-%d-%H_%M_%S'

2021-06-07-19:00:26:
time data 'guardarTop20' does not match format '%Y-%m-%d-%H_%M_%S'

2021-06-07-19:00:26:
time data 'log' does not match format '%Y-%m-%d-%H_%M_%S'

2021-06-07-19:00:26:
time data 'results' does not match format '%Y-%m-%d-%H_%M_%S'

2021-06-07-19:00:26:
time data '__pycache__' does not match format '%Y-%m-%d-%H_%M_%S'

2021-06-07-19:02:24:
time data '.git' does not match format '%Y-%m-%d-%H_%M_%S'

2021-06-07-19:02:24:
time data 'generarGrafica' does not match format '%Y-%m-%d-%H_%M_%S'

2021-06-07-19:02:24:
time data 'guardarTop20' does not match format '%Y-%m-%d-%H_%M_%S'

2021-06-07-19:02:24:
time data 'log' does not match format '%Y-%m-%d-%H_%M_%S'

2021-06-07-19:02:24:
time data 'results' does not match format '%Y-%m-%d-%H_%M_%S'

2021-06-07-19:02:24:
time data '__pycache__' does not match format '%Y-%m-%d-%H_%M_%S'

2021-06-07-19:03:03:
time data '.git' does not match format '%Y-%m-%d-%H_%M_%S'

2021-06-07-19:03:03:
time data 'generarGrafica' does not match format '%Y-%m-%d-%H_%M_%S'

2021-06-07-19:03:03:
time data 'guardarTop20' does not match format '%Y-%m-%d-%H_%M_%S'

2021-06-07-19:03:03:
time data 'log' does not match format '%Y-%m-%d-%H_%M_%S'

2021-06-07-19:03:03:
time data 'results' does not match format '%Y-%m-%d-%H_%M_%S'

2021-06-07-19:03:03:
time data '__pycache__' does not match format '%Y-%m-%d-%H_%M_%S'

2021-06-07-19:06:31:
time data '.git' does not match format '%Y-%m-%d-%H_%M_%S'

2021-06-07-19:06:31:
time data 'generarGrafica' does not match format '%Y-%m-%d-%H_%M_%S'

2021-06-07-19:06:31:
time data 'guardarTop20' does not match format '%Y-%m-%d-%H_%M_%S'

2021-06-07-19:06:31:
time data 'log' does not match format '%Y-%m-%d-%H_%M_%S'

2021-06-07-19:06:31:
time data 'results' does not match format '%Y-%m-%d-%H_%M_%S'

2021-06-07-19:06:31:
time data '__pycache__' does not match format '%Y-%m-%d-%H_%M_%S'

2021-06-07-19:07:46:
time data '.git' does not match format '%Y-%m-%d-%H_%M_%S'

2021-06-07-19:07:46:
time data 'generarGrafica' does not match format '%Y-%m-%d-%H_%M_%S'

2021-06-07-19:07:46:
time data 'guardarTop20' does not match format '%Y-%m-%d-%H_%M_%S'

2021-06-07-19:07:46:
time data 'log' does not match format '%Y-%m-%d-%H_%M_%S'

2021-06-07-19:07:46:
time data 'results' does not match format '%Y-%m-%d-%H_%M_%S'

2021-06-07-19:07:46:
time data '__pycache__' does not match format '%Y-%m-%d-%H_%M_%S'

2021-06-07-19:09:35:
time data '.git' does not match format '%Y-%m-%d-%H_%M_%S'

2021-06-07-19:09:35:
time data 'generarGrafica' does not match format '%Y-%m-%d-%H_%M_%S'

2021-06-07-19:09:35:
time data 'guardarTop20' does not match format '%Y-%m-%d-%H_%M_%S'

2021-06-07-19:09:35:
time data 'log' does not match format '%Y-%m-%d-%H_%M_%S'

2021-06-07-19:09:35:
time data 'results' does not match format '%Y-%m-%d-%H_%M_%S'

2021-06-07-19:09:35:
time data '__pycache__' does not match format '%Y-%m-%d-%H_%M_%S'

2021-06-07-19:13:10:
time data '.git' does not match format '%Y-%m-%d-%H_%M_%S'

2021-06-07-19:13:10:
time data 'generarGrafica' does not match format '%Y-%m-%d-%H_%M_%S'

2021-06-07-19:13:10:
time data 'guardarTop20' does not match format '%Y-%m-%d-%H_%M_%S'

2021-06-07-19:13:10:
time data 'log' does not match format '%Y-%m-%d-%H_%M_%S'

2021-06-07-19:13:10:
time data 'results' does not match format '%Y-%m-%d-%H_%M_%S'

2021-06-07-19:13:10:
time data '__pycache__' does not match format '%Y-%m-%d-%H_%M_%S'

2021-06-07-19:16:28:
time data '.git' does not match format '%Y-%m-%d-%H_%M_%S'

2021-06-07-19:16:28:
time data 'generarGrafica' does not match format '%Y-%m-%d-%H_%M_%S'

2021-06-07-19:16:28:
time data 'guardarTop20' does not match format '%Y-%m-%d-%H_%M_%S'

2021-06-07-19:16:28:
time data 'log' does not match format '%Y-%m-%d-%H_%M_%S'

2021-06-07-19:16:28:
time data 'results' does not match format '%Y-%m-%d-%H_%M_%S'

2021-06-07-19:16:28:
time data '__pycache__' does not match format '%Y-%m-%d-%H_%M_%S'

2021-06-07-19:17:43:
time data '.git' does not match format '%Y-%m-%d-%H_%M_%S'

2021-06-07-19:17:43:
time data 'generarGrafica' does not match format '%Y-%m-%d-%H_%M_%S'

2021-06-07-19:17:43:
time data 'guardarTop20' does not match format '%Y-%m-%d-%H_%M_%S'

2021-06-07-19:17:43:
time data 'log' does not match format '%Y-%m-%d-%H_%M_%S'

2021-06-07-19:17:43:
time data 'results' does not match format '%Y-%m-%d-%H_%M_%S'

2021-06-07-19:17:43:
time data '__pycache__' does not match format '%Y-%m-%d-%H_%M_%S'

2021-06-07-19:19:44:
time data '.git' does not match format '%Y-%m-%d-%H_%M_%S'

2021-06-07-19:19:44:
time data 'generarGrafica' does not match format '%Y-%m-%d-%H_%M_%S'

2021-06-07-19:19:44:
time data 'guardarTop20' does not match format '%Y-%m-%d-%H_%M_%S'

2021-06-07-19:19:44:
time data 'log' does not match format '%Y-%m-%d-%H_%M_%S'

2021-06-07-19:19:44:
time data 'results' does not match format '%Y-%m-%d-%H_%M_%S'

2021-06-07-19:19:44:
time data '__pycache__' does not match format '%Y-%m-%d-%H_%M_%S'

2021-06-07-19:20:19:
time data '.git' does not match format '%Y-%m-%d-%H_%M_%S'

2021-06-07-19:20:19:
time data 'generarGrafica' does not match format '%Y-%m-%d-%H_%M_%S'

2021-06-07-19:20:19:
time data 'guardarTop20' does not match format '%Y-%m-%d-%H_%M_%S'

2021-06-07-19:20:19:
time data 'log' does not match format '%Y-%m-%d-%H_%M_%S'

2021-06-07-19:20:19:
time data 'results' does not match format '%Y-%m-%d-%H_%M_%S'

2021-06-07-19:20:19:
time data '__pycache__' does not match format '%Y-%m-%d-%H_%M_%S'

2021-06-07-19:23:06:
time data '.git' does not match format '%Y-%m-%d-%H_%M_%S'

2021-06-07-19:23:06:
time data 'generarGrafica' does not match format '%Y-%m-%d-%H_%M_%S'

2021-06-07-19:23:06:
time data 'guardarTop20' does not match format '%Y-%m-%d-%H_%M_%S'

2021-06-07-19:23:06:
time data 'log' does not match format '%Y-%m-%d-%H_%M_%S'

2021-06-07-19:23:06:
time data 'results' does not match format '%Y-%m-%d-%H_%M_%S'

2021-06-07-19:23:06:
time data '__pycache__' does not match format '%Y-%m-%d-%H_%M_%S'

2021-06-07-19:23:30:
time data '.git' does not match format '%Y-%m-%d-%H_%M_%S'

2021-06-07-19:23:30:
time data 'generarGrafica' does not match format '%Y-%m-%d-%H_%M_%S'

2021-06-07-19:23:30:
time data 'guardarTop20' does not match format '%Y-%m-%d-%H_%M_%S'

2021-06-07-19:23:30:
time data 'log' does not match format '%Y-%m-%d-%H_%M_%S'

2021-06-07-19:23:30:
time data 'results' does not match format '%Y-%m-%d-%H_%M_%S'

2021-06-07-19:23:30:
time data '__pycache__' does not match format '%Y-%m-%d-%H_%M_%S'

2021-06-07-19:25:29:
time data '.git' does not match format '%Y-%m-%d-%H_%M_%S'

2021-06-07-19:25:29:
time data 'generarGrafica' does not match format '%Y-%m-%d-%H_%M_%S'

2021-06-07-19:25:29:
time data 'guardarTop20' does not match format '%Y-%m-%d-%H_%M_%S'

2021-06-07-19:25:29:
time data 'log' does not match format '%Y-%m-%d-%H_%M_%S'

2021-06-07-19:25:29:
time data 'results' does not match format '%Y-%m-%d-%H_%M_%S'

2021-06-07-19:25:29:
time data '__pycache__' does not match format '%Y-%m-%d-%H_%M_%S'

2021-06-07-19:26:28:
time data '.git' does not match format '%Y-%m-%d-%H_%M_%S'

2021-06-07-19:26:28:
time data 'generarGrafica' does not match format '%Y-%m-%d-%H_%M_%S'

2021-06-07-19:26:28:
time data 'guardarTop20' does not match format '%Y-%m-%d-%H_%M_%S'

2021-06-07-19:26:28:
time data 'log' does not match format '%Y-%m-%d-%H_%M_%S'

2021-06-07-19:26:28:
time data 'results' does not match format '%Y-%m-%d-%H_%M_%S'

2021-06-07-19:26:28:
time data '__pycache__' does not match format '%Y-%m-%d-%H_%M_%S'

2021-06-07-19:30:45:
time data '.git' does not match format '%Y-%m-%d-%H_%M_%S'

2021-06-07-19:30:45:
time data 'generarGrafica' does not match format '%Y-%m-%d-%H_%M_%S'

2021-06-07-19:30:45:
time data 'guardarTop20' does not match format '%Y-%m-%d-%H_%M_%S'

2021-06-07-19:30:45:
time data 'log' does not match format '%Y-%m-%d-%H_%M_%S'

2021-06-07-19:30:45:
time data 'results' does not match format '%Y-%m-%d-%H_%M_%S'

2021-06-07-19:30:45:
time data '__pycache__' does not match format '%Y-%m-%d-%H_%M_%S'

2021-06-07-19:34:11:
time data '.git' does not match format '%Y-%m-%d-%H_%M_%S'

2021-06-07-19:34:11:
time data 'generarGrafica' does not match format '%Y-%m-%d-%H_%M_%S'

2021-06-07-19:34:11:
time data 'guardarTop20' does not match format '%Y-%m-%d-%H_%M_%S'

2021-06-07-19:34:11:
time data 'log' does not match format '%Y-%m-%d-%H_%M_%S'

2021-06-07-19:34:11:
time data 'results' does not match format '%Y-%m-%d-%H_%M_%S'

2021-06-07-19:34:11:
time data '__pycache__' does not match format '%Y-%m-%d-%H_%M_%S'

2021-06-07-19:36:58:
time data '.git' does not match format '%Y-%m-%d-%H_%M_%S'

2021-06-07-19:36:58:
time data 'generarGrafica' does not match format '%Y-%m-%d-%H_%M_%S'

2021-06-07-19:36:58:
time data 'guardarTop20' does not match format '%Y-%m-%d-%H_%M_%S'

2021-06-07-19:36:58:
time data 'log' does not match format '%Y-%m-%d-%H_%M_%S'

2021-06-07-19:36:58:
time data 'results' does not match format '%Y-%m-%d-%H_%M_%S'

2021-06-07-19:36:58:
time data '__pycache__' does not match format '%Y-%m-%d-%H_%M_%S'

2021-06-07-19:38:23:
time data '.git' does not match format '%Y-%m-%d-%H_%M_%S'

2021-06-07-19:38:23:
time data 'generarGrafica' does not match format '%Y-%m-%d-%H_%M_%S'

2021-06-07-19:38:23:
time data 'guardarTop20' does not match format '%Y-%m-%d-%H_%M_%S'

2021-06-07-19:38:23:
time data 'log' does not match format '%Y-%m-%d-%H_%M_%S'

2021-06-07-19:38:23:
time data 'results' does not match format '%Y-%m-%d-%H_%M_%S'

2021-06-07-19:38:23:
time data '__pycache__' does not match format '%Y-%m-%d-%H_%M_%S'

2021-06-07-19:40:58:
time data '.git' does not match format '%Y-%m-%d-%H_%M_%S'

2021-06-07-19:40:58:
time data 'generarGrafica' does not match format '%Y-%m-%d-%H_%M_%S'

2021-06-07-19:40:59:
time data 'guardarTop20' does not match format '%Y-%m-%d-%H_%M_%S'

2021-06-07-19:40:59:
time data 'log' does not match format '%Y-%m-%d-%H_%M_%S'

2021-06-07-19:40:59:
time data 'results' does not match format '%Y-%m-%d-%H_%M_%S'

2021-06-07-19:40:59:
time data '__pycache__' does not match format '%Y-%m-%d-%H_%M_%S'

2021-06-07-19:42:04:
time data '.git' does not match format '%Y-%m-%d-%H_%M_%S'

2021-06-07-19:42:04:
time data 'generarGrafica' does not match format '%Y-%m-%d-%H_%M_%S'

2021-06-07-19:42:04:
time data 'guardarTop20' does not match format '%Y-%m-%d-%H_%M_%S'

2021-06-07-19:42:04:
time data 'log' does not match format '%Y-%m-%d-%H_%M_%S'

2021-06-07-19:42:04:
time data 'results' does not match format '%Y-%m-%d-%H_%M_%S'

2021-06-07-19:42:04:
time data '__pycache__' does not match format '%Y-%m-%d-%H_%M_%S'

2021-06-07-19:45:57:
time data '.git' does not match format '%Y-%m-%d-%H_%M_%S'

2021-06-07-19:45:57:
time data 'generarGrafica' does not match format '%Y-%m-%d-%H_%M_%S'

2021-06-07-19:45:57:
time data 'guardarTop20' does not match format '%Y-%m-%d-%H_%M_%S'

2021-06-07-19:45:57:
time data 'log' does not match format '%Y-%m-%d-%H_%M_%S'

2021-06-07-19:45:57:
time data 'results' does not match format '%Y-%m-%d-%H_%M_%S'

2021-06-07-19:45:57:
time data '__pycache__' does not match format '%Y-%m-%d-%H_%M_%S'

2021-06-07-19:47:12:
time data '.git' does not match format '%Y-%m-%d-%H_%M_%S'

2021-06-07-19:47:12:
time data 'generarGrafica' does not match format '%Y-%m-%d-%H_%M_%S'

2021-06-07-19:47:12:
time data 'guardarTop20' does not match format '%Y-%m-%d-%H_%M_%S'

2021-06-07-19:47:12:
time data 'log' does not match format '%Y-%m-%d-%H_%M_%S'

2021-06-07-19:47:12:
time data 'results' does not match format '%Y-%m-%d-%H_%M_%S'

2021-06-07-19:47:12:
time data '__pycache__' does not match format '%Y-%m-%d-%H_%M_%S'

2021-06-07-19:48:15:
time data '.git' does not match format '%Y-%m-%d-%H_%M_%S'

2021-06-07-19:48:15:
time data 'generarGrafica' does not match format '%Y-%m-%d-%H_%M_%S'

2021-06-07-19:48:15:
time data 'guardarTop20' does not match format '%Y-%m-%d-%H_%M_%S'

2021-06-07-19:48:15:
time data 'log' does not match format '%Y-%m-%d-%H_%M_%S'

2021-06-07-19:48:15:
time data 'results' does not match format '%Y-%m-%d-%H_%M_%S'

2021-06-07-19:48:15:
time data '__pycache__' does not match format '%Y-%m-%d-%H_%M_%S'

2021-06-07-19:49:02:
time data '.git' does not match format '%Y-%m-%d-%H_%M_%S'

2021-06-07-19:49:02:
time data 'generarGrafica' does not match format '%Y-%m-%d-%H_%M_%S'

2021-06-07-19:49:03:
time data 'guardarTop20' does not match format '%Y-%m-%d-%H_%M_%S'

2021-06-07-19:49:03:
time data 'log' does not match format '%Y-%m-%d-%H_%M_%S'

2021-06-07-19:49:03:
time data 'results' does not match format '%Y-%m-%d-%H_%M_%S'

2021-06-07-19:49:03:
time data '__pycache__' does not match format '%Y-%m-%d-%H_%M_%S'

2021-06-07-21:31:05:
time data '.git' does not match format '%Y-%m-%d-%H_%M_%S'

2021-06-07-21:31:05:
time data 'generarGrafica' does not match format '%Y-%m-%d-%H_%M_%S'

2021-06-07-21:31:05:
time data 'guardarTop20' does not match format '%Y-%m-%d-%H_%M_%S'

2021-06-07-21:31:05:
time data 'log' does not match format '%Y-%m-%d-%H_%M_%S'

2021-06-07-21:31:05:
time data 'results' does not match format '%Y-%m-%d-%H_%M_%S'

2021-06-07-21:31:05:
time data '__pycache__' does not match format '%Y-%m-%d-%H_%M_%S'

2021-06-07-21:31:22:
time data '.git' does not match format '%Y-%m-%d-%H_%M_%S'

2021-06-07-21:31:22:
time data 'generarGrafica' does not match format '%Y-%m-%d-%H_%M_%S'

2021-06-07-21:31:22:
time data 'guardarTop20' does not match format '%Y-%m-%d-%H_%M_%S'

2021-06-07-21:31:22:
time data 'log' does not match format '%Y-%m-%d-%H_%M_%S'

2021-06-07-21:31:22:
time data 'results' does not match format '%Y-%m-%d-%H_%M_%S'

2021-06-07-21:31:22:
time data '__pycache__' does not match format '%Y-%m-%d-%H_%M_%S'

2021-06-07-21:31:44:
time data '.git' does not match format '%Y-%m-%d-%H_%M_%S'

2021-06-07-21:31:44:
time data 'generarGrafica' does not match format '%Y-%m-%d-%H_%M_%S'

2021-06-07-21:31:44:
time data 'guardarTop20' does not match format '%Y-%m-%d-%H_%M_%S'

2021-06-07-21:31:44:
time data 'log' does not match format '%Y-%m-%d-%H_%M_%S'

2021-06-07-21:31:44:
time data 'results' does not match format '%Y-%m-%d-%H_%M_%S'

2021-06-07-21:31:44:
time data '__pycache__' does not match format '%Y-%m-%d-%H_%M_%S'

2021-06-08-11:57:33:
time data '.git' does not match format '%Y-%m-%d-%H_%M_%S'

2021-06-08-11:57:33:
time data 'generarGrafica' does not match format '%Y-%m-%d-%H_%M_%S'

2021-06-08-11:57:33:
time data 'guardarTop20' does not match format '%Y-%m-%d-%H_%M_%S'

2021-06-08-11:57:33:
time data 'log' does not match format '%Y-%m-%d-%H_%M_%S'

2021-06-08-11:57:33:
time data 'results' does not match format '%Y-%m-%d-%H_%M_%S'

2021-06-08-11:57:33:
time data '__pycache__' does not match format '%Y-%m-%d-%H_%M_%S'

2021-06-08-12:27:35:
time data '.git' does not match format '%Y-%m-%d-%H_%M_%S'

2021-06-08-12:27:35:
time data 'generarGrafica' does not match format '%Y-%m-%d-%H_%M_%S'

2021-06-08-12:27:35:
time data 'guardarTop20' does not match format '%Y-%m-%d-%H_%M_%S'

2021-06-08-12:27:35:
time data 'log' does not match format '%Y-%m-%d-%H_%M_%S'

2021-06-08-12:27:35:
time data 'results' does not match format '%Y-%m-%d-%H_%M_%S'

2021-06-08-12:27:35:
time data '__pycache__' does not match format '%Y-%m-%d-%H_%M_%S'

2021-06-08-12:55:03:
time data '.git' does not match format '%Y-%m-%d-%H_%M_%S'

2021-06-08-12:55:03:
time data 'generarGrafica' does not match format '%Y-%m-%d-%H_%M_%S'

2021-06-08-12:55:03:
time data 'guardarTop20' does not match format '%Y-%m-%d-%H_%M_%S'

2021-06-08-12:55:03:
time data 'log' does not match format '%Y-%m-%d-%H_%M_%S'

2021-06-08-12:55:03:
time data 'results' does not match format '%Y-%m-%d-%H_%M_%S'

2021-06-08-12:55:03:
time data '__pycache__' does not match format '%Y-%m-%d-%H_%M_%S'

2021-06-08-12:56:08:
time data '.git' does not match format '%Y-%m-%d-%H_%M_%S'

2021-06-08-12:56:08:
time data 'generarGrafica' does not match format '%Y-%m-%d-%H_%M_%S'

2021-06-08-12:56:08:
time data 'guardarTop20' does not match format '%Y-%m-%d-%H_%M_%S'

2021-06-08-12:56:08:
time data 'log' does not match format '%Y-%m-%d-%H_%M_%S'

2021-06-08-12:56:08:
time data 'results' does not match format '%Y-%m-%d-%H_%M_%S'

2021-06-08-12:56:08:
time data '__pycache__' does not match format '%Y-%m-%d-%H_%M_%S'

2021-06-08-13:14:43:
time data '.git' does not match format '%Y-%m-%d-%H_%M_%S'

2021-06-08-13:14:43:
time data 'generarGrafica' does not match format '%Y-%m-%d-%H_%M_%S'

2021-06-08-13:14:43:
time data 'guardarTop20' does not match format '%Y-%m-%d-%H_%M_%S'

2021-06-08-13:14:43:
time data 'log' does not match format '%Y-%m-%d-%H_%M_%S'

2021-06-08-13:14:43:
time data 'results' does not match format '%Y-%m-%d-%H_%M_%S'

2021-06-08-13:14:43:
time data '__pycache__' does not match format '%Y-%m-%d-%H_%M_%S'

2021-06-08-13:15:22:
time data '.git' does not match format '%Y-%m-%d-%H_%M_%S'

2021-06-08-13:15:22:
time data 'generarGrafica' does not match format '%Y-%m-%d-%H_%M_%S'

2021-06-08-13:15:22:
time data 'guardarTop20' does not match format '%Y-%m-%d-%H_%M_%S'

2021-06-08-13:15:22:
time data 'log' does not match format '%Y-%m-%d-%H_%M_%S'

2021-06-08-13:15:22:
time data 'results' does not match format '%Y-%m-%d-%H_%M_%S'

2021-06-08-13:15:22:
time data '__pycache__' does not match format '%Y-%m-%d-%H_%M_%S'

2021-06-08-13:15:44:
time data '.git' does not match format '%Y-%m-%d-%H_%M_%S'

2021-06-08-13:15:44:
time data 'generarGrafica' does not match format '%Y-%m-%d-%H_%M_%S'

2021-06-08-13:15:44:
time data 'guardarTop20' does not match format '%Y-%m-%d-%H_%M_%S'

2021-06-08-13:15:44:
time data 'log' does not match format '%Y-%m-%d-%H_%M_%S'

2021-06-08-13:15:44:
time data 'results' does not match format '%Y-%m-%d-%H_%M_%S'

2021-06-08-13:15:44:
time data '__pycache__' does not match format '%Y-%m-%d-%H_%M_%S'

2021-06-08-13:16:47:
time data '.git' does not match format '%Y-%m-%d-%H_%M_%S'

2021-06-08-13:16:47:
time data 'generarGrafica' does not match format '%Y-%m-%d-%H_%M_%S'

2021-06-08-13:16:47:
time data 'guardarTop20' does not match format '%Y-%m-%d-%H_%M_%S'

2021-06-08-13:16:47:
time data 'log' does not match format '%Y-%m-%d-%H_%M_%S'

2021-06-08-13:16:47:
time data 'results' does not match format '%Y-%m-%d-%H_%M_%S'

2021-06-08-13:16:47:
time data '__pycache__' does not match format '%Y-%m-%d-%H_%M_%S'

2021-06-08-13:17:28:
time data '.git' does not match format '%Y-%m-%d-%H_%M_%S'

2021-06-08-13:17:28:
time data 'generarGrafica' does not match format '%Y-%m-%d-%H_%M_%S'

2021-06-08-13:17:28:
time data 'guardarTop20' does not match format '%Y-%m-%d-%H_%M_%S'

2021-06-08-13:17:28:
time data 'log' does not match format '%Y-%m-%d-%H_%M_%S'

2021-06-08-13:17:28:
time data 'results' does not match format '%Y-%m-%d-%H_%M_%S'

2021-06-08-13:17:28:
time data '__pycache__' does not match format '%Y-%m-%d-%H_%M_%S'

2021-06-08-13:19:19:
time data '.git' does not match format '%Y-%m-%d-%H_%M_%S'

2021-06-08-13:19:19:
time data 'generarGrafica' does not match format '%Y-%m-%d-%H_%M_%S'

2021-06-08-13:19:19:
time data 'guardarTop20' does not match format '%Y-%m-%d-%H_%M_%S'

2021-06-08-13:19:19:
time data 'log' does not match format '%Y-%m-%d-%H_%M_%S'

2021-06-08-13:19:19:
time data 'results' does not match format '%Y-%m-%d-%H_%M_%S'

2021-06-08-13:19:19:
time data '__pycache__' does not match format '%Y-%m-%d-%H_%M_%S'

2021-06-08-13:19:51:
time data '.git' does not match format '%Y-%m-%d-%H_%M_%S'

2021-06-08-13:19:51:
time data 'generarGrafica' does not match format '%Y-%m-%d-%H_%M_%S'

2021-06-08-13:19:51:
time data 'guardarTop20' does not match format '%Y-%m-%d-%H_%M_%S'

2021-06-08-13:19:51:
time data 'log' does not match format '%Y-%m-%d-%H_%M_%S'

2021-06-08-13:19:51:
time data 'results' does not match format '%Y-%m-%d-%H_%M_%S'

2021-06-08-13:19:51:
time data '__pycache__' does not match format '%Y-%m-%d-%H_%M_%S'

2021-06-08-13:20:29:
time data '.git' does not match format '%Y-%m-%d-%H_%M_%S'

2021-06-08-13:20:29:
time data 'generarGrafica' does not match format '%Y-%m-%d-%H_%M_%S'

2021-06-08-13:20:29:
time data 'guardarTop20' does not match format '%Y-%m-%d-%H_%M_%S'

2021-06-08-13:20:29:
time data 'log' does not match format '%Y-%m-%d-%H_%M_%S'

2021-06-08-13:20:29:
time data 'results' does not match format '%Y-%m-%d-%H_%M_%S'

2021-06-08-13:20:29:
time data '__pycache__' does not match format '%Y-%m-%d-%H_%M_%S'

2021-06-08-13:21:31:
time data '.git' does not match format '%Y-%m-%d-%H_%M_%S'

2021-06-08-13:21:31:
time data 'generarGrafica' does not match format '%Y-%m-%d-%H_%M_%S'

2021-06-08-13:21:31:
time data 'guardarTop20' does not match format '%Y-%m-%d-%H_%M_%S'

2021-06-08-13:21:31:
time data 'log' does not match format '%Y-%m-%d-%H_%M_%S'

2021-06-08-13:21:31:
time data 'results' does not match format '%Y-%m-%d-%H_%M_%S'

2021-06-08-13:21:31:
time data '__pycache__' does not match format '%Y-%m-%d-%H_%M_%S'

2021-06-08-13:29:55:
time data '.git' does not match format '%Y-%m-%d-%H_%M_%S'

2021-06-08-13:29:55:
time data 'generarGrafica' does not match format '%Y-%m-%d-%H_%M_%S'

2021-06-08-13:29:55:
time data 'guardarTop20' does not match format '%Y-%m-%d-%H_%M_%S'

2021-06-08-13:29:55:
time data 'log' does not match format '%Y-%m-%d-%H_%M_%S'

2021-06-08-13:29:55:
time data 'results' does not match format '%Y-%m-%d-%H_%M_%S'

2021-06-08-13:29:55:
time data '__pycache__' does not match format '%Y-%m-%d-%H_%M_%S'

2021-06-08-13:30:23:
time data '.git' does not match format '%Y-%m-%d-%H_%M_%S'

2021-06-08-13:30:23:
time data 'generarGrafica' does not match format '%Y-%m-%d-%H_%M_%S'

2021-06-08-13:30:23:
time data 'guardarTop20' does not match format '%Y-%m-%d-%H_%M_%S'

2021-06-08-13:30:23:
time data 'log' does not match format '%Y-%m-%d-%H_%M_%S'

2021-06-08-13:30:23:
time data 'results' does not match format '%Y-%m-%d-%H_%M_%S'

2021-06-08-13:30:23:
time data '__pycache__' does not match format '%Y-%m-%d-%H_%M_%S'

2021-06-08-13:39:08:
time data '.git' does not match format '%Y-%m-%d-%H_%M_%S'

2021-06-08-13:39:08:
time data 'generarGrafica' does not match format '%Y-%m-%d-%H_%M_%S'

2021-06-08-13:39:08:
time data 'guardarTop20' does not match format '%Y-%m-%d-%H_%M_%S'

2021-06-08-13:39:08:
time data 'log' does not match format '%Y-%m-%d-%H_%M_%S'

2021-06-08-13:39:08:
time data 'results' does not match format '%Y-%m-%d-%H_%M_%S'

2021-06-08-13:39:08:
time data '__pycache__' does not match format '%Y-%m-%d-%H_%M_%S'

2021-06-08-13:45:03:
time data '.git' does not match format '%Y-%m-%d-%H_%M_%S'

2021-06-08-13:45:03:
time data 'generarGrafica' does not match format '%Y-%m-%d-%H_%M_%S'

2021-06-08-13:45:03:
time data 'guardarTop20' does not match format '%Y-%m-%d-%H_%M_%S'

2021-06-08-13:45:03:
time data 'log' does not match format '%Y-%m-%d-%H_%M_%S'

2021-06-08-13:45:03:
time data 'results' does not match format '%Y-%m-%d-%H_%M_%S'

2021-06-08-13:45:03:
time data '__pycache__' does not match format '%Y-%m-%d-%H_%M_%S'

2021-06-08-13:47:07:
time data '.git' does not match format '%Y-%m-%d-%H_%M_%S'

2021-06-08-13:47:07:
time data 'generarGrafica' does not match format '%Y-%m-%d-%H_%M_%S'

2021-06-08-13:47:07:
time data 'guardarTop20' does not match format '%Y-%m-%d-%H_%M_%S'

2021-06-08-13:47:07:
time data 'log' does not match format '%Y-%m-%d-%H_%M_%S'

2021-06-08-13:47:07:
time data 'results' does not match format '%Y-%m-%d-%H_%M_%S'

2021-06-08-13:47:07:
time data '__pycache__' does not match format '%Y-%m-%d-%H_%M_%S'

2021-06-08-13:48:17:
time data '.git' does not match format '%Y-%m-%d-%H_%M_%S'

2021-06-08-13:48:17:
time data 'generarGrafica' does not match format '%Y-%m-%d-%H_%M_%S'

2021-06-08-13:48:17:
time data 'guardarTop20' does not match format '%Y-%m-%d-%H_%M_%S'

2021-06-08-13:48:17:
time data 'log' does not match format '%Y-%m-%d-%H_%M_%S'

2021-06-08-13:48:17:
time data 'results' does not match format '%Y-%m-%d-%H_%M_%S'

2021-06-08-13:48:17:
time data '__pycache__' does not match format '%Y-%m-%d-%H_%M_%S'

2021-06-08-13:50:00:
time data '.git' does not match format '%Y-%m-%d-%H_%M_%S'

2021-06-08-13:50:00:
time data 'generarGrafica' does not match format '%Y-%m-%d-%H_%M_%S'

2021-06-08-13:50:00:
time data 'guardarTop20' does not match format '%Y-%m-%d-%H_%M_%S'

2021-06-08-13:50:00:
time data 'log' does not match format '%Y-%m-%d-%H_%M_%S'

2021-06-08-13:50:00:
time data 'results' does not match format '%Y-%m-%d-%H_%M_%S'

2021-06-08-13:50:00:
time data '__pycache__' does not match format '%Y-%m-%d-%H_%M_%S'

2021-06-08-13:50:21:
time data '.git' does not match format '%Y-%m-%d-%H_%M_%S'

2021-06-08-13:50:21:
time data 'generarGrafica' does not match format '%Y-%m-%d-%H_%M_%S'

2021-06-08-13:50:21:
time data 'guardarTop20' does not match format '%Y-%m-%d-%H_%M_%S'

2021-06-08-13:50:21:
time data 'log' does not match format '%Y-%m-%d-%H_%M_%S'

2021-06-08-13:50:21:
time data 'results' does not match format '%Y-%m-%d-%H_%M_%S'

2021-06-08-13:50:21:
time data '__pycache__' does not match format '%Y-%m-%d-%H_%M_%S'

2021-06-08-13:53:08:
time data '.git' does not match format '%Y-%m-%d-%H_%M_%S'

2021-06-08-13:53:08:
time data 'generarGrafica' does not match format '%Y-%m-%d-%H_%M_%S'

2021-06-08-13:53:08:
time data 'guardarTop20' does not match format '%Y-%m-%d-%H_%M_%S'

2021-06-08-13:53:08:
time data 'log' does not match format '%Y-%m-%d-%H_%M_%S'

2021-06-08-13:53:08:
time data 'results' does not match format '%Y-%m-%d-%H_%M_%S'

2021-06-08-13:53:08:
time data '__pycache__' does not match format '%Y-%m-%d-%H_%M_%S'

2021-06-08-14:03:19:
time data '.git' does not match format '%Y-%m-%d-%H_%M_%S'

2021-06-08-14:03:19:
time data 'generarGrafica' does not match format '%Y-%m-%d-%H_%M_%S'

2021-06-08-14:03:19:
time data 'guardarTop20' does not match format '%Y-%m-%d-%H_%M_%S'

2021-06-08-14:03:19:
time data 'log' does not match format '%Y-%m-%d-%H_%M_%S'

2021-06-08-14:03:19:
time data 'results' does not match format '%Y-%m-%d-%H_%M_%S'

2021-06-08-14:03:19:
time data '__pycache__' does not match format '%Y-%m-%d-%H_%M_%S'

2021-06-08-14:10:47:
time data '.git' does not match format '%Y-%m-%d-%H_%M_%S'

2021-06-08-14:10:47:
time data 'generarGrafica' does not match format '%Y-%m-%d-%H_%M_%S'

2021-06-08-14:10:47:
time data 'guardarTop20' does not match format '%Y-%m-%d-%H_%M_%S'

2021-06-08-14:10:47:
time data 'log' does not match format '%Y-%m-%d-%H_%M_%S'

2021-06-08-14:10:47:
time data 'results' does not match format '%Y-%m-%d-%H_%M_%S'

2021-06-08-14:10:47:
time data '__pycache__' does not match format '%Y-%m-%d-%H_%M_%S'

2021-06-08-14:13:44:
time data '.git' does not match format '%Y-%m-%d-%H_%M_%S'

2021-06-08-14:13:44:
time data 'generarGrafica' does not match format '%Y-%m-%d-%H_%M_%S'

2021-06-08-14:13:44:
time data 'guardarTop20' does not match format '%Y-%m-%d-%H_%M_%S'

2021-06-08-14:13:44:
time data 'log' does not match format '%Y-%m-%d-%H_%M_%S'

2021-06-08-14:13:44:
time data 'results' does not match format '%Y-%m-%d-%H_%M_%S'

2021-06-08-14:13:44:
time data '__pycache__' does not match format '%Y-%m-%d-%H_%M_%S'

2021-06-08-14:13:56:
time data '.git' does not match format '%Y-%m-%d-%H_%M_%S'

2021-06-08-14:13:56:
time data 'generarGrafica' does not match format '%Y-%m-%d-%H_%M_%S'

2021-06-08-14:13:56:
time data 'guardarTop20' does not match format '%Y-%m-%d-%H_%M_%S'

2021-06-08-14:13:56:
time data 'log' does not match format '%Y-%m-%d-%H_%M_%S'

2021-06-08-14:13:56:
time data 'results' does not match format '%Y-%m-%d-%H_%M_%S'

2021-06-08-14:13:56:
time data '__pycache__' does not match format '%Y-%m-%d-%H_%M_%S'

2021-06-08-14:14:15:
time data '.git' does not match format '%Y-%m-%d-%H_%M_%S'

2021-06-08-14:14:15:
time data 'generarGrafica' does not match format '%Y-%m-%d-%H_%M_%S'

2021-06-08-14:14:15:
time data 'guardarTop20' does not match format '%Y-%m-%d-%H_%M_%S'

2021-06-08-14:14:15:
time data 'log' does not match format '%Y-%m-%d-%H_%M_%S'

2021-06-08-14:14:15:
time data 'results' does not match format '%Y-%m-%d-%H_%M_%S'

2021-06-08-14:14:15:
time data '__pycache__' does not match format '%Y-%m-%d-%H_%M_%S'

2021-06-08-14:27:14:
time data '.git' does not match format '%Y-%m-%d-%H_%M_%S'

2021-06-08-14:27:14:
time data 'generarGrafica' does not match format '%Y-%m-%d-%H_%M_%S'

2021-06-08-14:27:14:
time data 'guardarTop20' does not match format '%Y-%m-%d-%H_%M_%S'

2021-06-08-14:27:14:
time data 'log' does not match format '%Y-%m-%d-%H_%M_%S'

2021-06-08-14:27:14:
time data 'results' does not match format '%Y-%m-%d-%H_%M_%S'

2021-06-08-14:27:14:
time data '__pycache__' does not match format '%Y-%m-%d-%H_%M_%S'

2021-06-08-14:36:23:
time data '.git' does not match format '%Y-%m-%d-%H_%M_%S'

2021-06-08-14:36:23:
time data 'generarGrafica' does not match format '%Y-%m-%d-%H_%M_%S'

2021-06-08-14:36:23:
time data 'guardarTop20' does not match format '%Y-%m-%d-%H_%M_%S'

2021-06-08-14:36:23:
time data 'log' does not match format '%Y-%m-%d-%H_%M_%S'

2021-06-08-14:36:23:
time data 'results' does not match format '%Y-%m-%d-%H_%M_%S'

2021-06-08-14:36:23:
time data '__pycache__' does not match format '%Y-%m-%d-%H_%M_%S'

2021-06-08-14:36:51:
time data '.git' does not match format '%Y-%m-%d-%H_%M_%S'

2021-06-08-14:36:51:
time data 'generarGrafica' does not match format '%Y-%m-%d-%H_%M_%S'

2021-06-08-14:36:51:
time data 'guardarTop20' does not match format '%Y-%m-%d-%H_%M_%S'

2021-06-08-14:36:51:
time data 'log' does not match format '%Y-%m-%d-%H_%M_%S'

2021-06-08-14:36:51:
time data 'results' does not match format '%Y-%m-%d-%H_%M_%S'

2021-06-08-14:36:51:
time data '__pycache__' does not match format '%Y-%m-%d-%H_%M_%S'

2021-06-08-14:37:04:
time data '.git' does not match format '%Y-%m-%d-%H_%M_%S'

2021-06-08-14:37:04:
time data 'generarGrafica' does not match format '%Y-%m-%d-%H_%M_%S'

2021-06-08-14:37:04:
time data 'guardarTop20' does not match format '%Y-%m-%d-%H_%M_%S'

2021-06-08-14:37:04:
time data 'log' does not match format '%Y-%m-%d-%H_%M_%S'

2021-06-08-14:37:04:
time data 'results' does not match format '%Y-%m-%d-%H_%M_%S'

2021-06-08-14:37:04:
time data '__pycache__' does not match format '%Y-%m-%d-%H_%M_%S'

2021-06-08-14:37:59:
time data '.git' does not match format '%Y-%m-%d-%H_%M_%S'

2021-06-08-14:37:59:
time data 'generarGrafica' does not match format '%Y-%m-%d-%H_%M_%S'

2021-06-08-14:37:59:
time data 'guardarTop20' does not match format '%Y-%m-%d-%H_%M_%S'

2021-06-08-14:37:59:
time data 'log' does not match format '%Y-%m-%d-%H_%M_%S'

2021-06-08-14:37:59:
time data 'results' does not match format '%Y-%m-%d-%H_%M_%S'

2021-06-08-14:37:59:
time data '__pycache__' does not match format '%Y-%m-%d-%H_%M_%S'

2021-06-08-14:38:43:
time data '.git' does not match format '%Y-%m-%d-%H_%M_%S'

2021-06-08-14:38:43:
time data 'generarGrafica' does not match format '%Y-%m-%d-%H_%M_%S'

2021-06-08-14:38:43:
time data 'guardarTop20' does not match format '%Y-%m-%d-%H_%M_%S'

2021-06-08-14:38:43:
time data 'log' does not match format '%Y-%m-%d-%H_%M_%S'

2021-06-08-14:38:43:
time data 'results' does not match format '%Y-%m-%d-%H_%M_%S'

2021-06-08-14:38:43:
time data '__pycache__' does not match format '%Y-%m-%d-%H_%M_%S'

2021-06-08-14:44:40:
time data '.git' does not match format '%Y-%m-%d-%H_%M_%S'

2021-06-08-14:44:40:
time data 'generarGrafica' does not match format '%Y-%m-%d-%H_%M_%S'

2021-06-08-14:44:40:
time data 'guardarTop20' does not match format '%Y-%m-%d-%H_%M_%S'

2021-06-08-14:44:40:
time data 'log' does not match format '%Y-%m-%d-%H_%M_%S'

2021-06-08-14:44:40:
time data 'results' does not match format '%Y-%m-%d-%H_%M_%S'

2021-06-08-14:44:40:
time data '__pycache__' does not match format '%Y-%m-%d-%H_%M_%S'

2021-06-08-14:46:36:
time data '.git' does not match format '%Y-%m-%d-%H_%M_%S'

2021-06-08-14:46:36:
time data 'generarGrafica' does not match format '%Y-%m-%d-%H_%M_%S'

2021-06-08-14:46:36:
time data 'guardarTop20' does not match format '%Y-%m-%d-%H_%M_%S'

2021-06-08-14:46:36:
time data 'log' does not match format '%Y-%m-%d-%H_%M_%S'

2021-06-08-14:46:36:
time data 'results' does not match format '%Y-%m-%d-%H_%M_%S'

2021-06-08-14:46:36:
time data '__pycache__' does not match format '%Y-%m-%d-%H_%M_%S'

2021-06-08-14:49:26:
time data '.git' does not match format '%Y-%m-%d-%H_%M_%S'

2021-06-08-14:49:26:
time data 'generarGrafica' does not match format '%Y-%m-%d-%H_%M_%S'

2021-06-08-14:49:26:
time data 'guardarTop20' does not match format '%Y-%m-%d-%H_%M_%S'

2021-06-08-14:49:26:
time data 'log' does not match format '%Y-%m-%d-%H_%M_%S'

2021-06-08-14:49:26:
time data 'results' does not match format '%Y-%m-%d-%H_%M_%S'

2021-06-08-14:49:26:
time data '__pycache__' does not match format '%Y-%m-%d-%H_%M_%S'

2021-06-08-16:47:48:
time data '.git' does not match format '%Y-%m-%d-%H_%M_%S'

2021-06-08-16:47:48:
time data 'generarGrafica' does not match format '%Y-%m-%d-%H_%M_%S'

2021-06-08-16:47:48:
time data 'guardarTop20' does not match format '%Y-%m-%d-%H_%M_%S'

2021-06-08-16:47:48:
time data 'log' does not match format '%Y-%m-%d-%H_%M_%S'

2021-06-08-16:47:48:
time data 'results' does not match format '%Y-%m-%d-%H_%M_%S'

2021-06-08-16:47:48:
time data '__pycache__' does not match format '%Y-%m-%d-%H_%M_%S'

2021-06-08-17:53:29:
time data '.git' does not match format '%Y-%m-%d-%H_%M_%S'

2021-06-08-17:53:29:
time data 'generarGrafica' does not match format '%Y-%m-%d-%H_%M_%S'

2021-06-08-17:53:29:
time data 'guardarTop20' does not match format '%Y-%m-%d-%H_%M_%S'

2021-06-08-17:53:29:
time data 'log' does not match format '%Y-%m-%d-%H_%M_%S'

2021-06-08-17:53:29:
time data 'results' does not match format '%Y-%m-%d-%H_%M_%S'

2021-06-08-17:53:29:
time data '__pycache__' does not match format '%Y-%m-%d-%H_%M_%S'

2021-06-08-17:54:09:
time data '.git' does not match format '%Y-%m-%d-%H_%M_%S'

2021-06-08-17:54:09:
time data 'generarGrafica' does not match format '%Y-%m-%d-%H_%M_%S'

2021-06-08-17:54:09:
time data 'guardarTop20' does not match format '%Y-%m-%d-%H_%M_%S'

2021-06-08-17:54:09:
time data 'log' does not match format '%Y-%m-%d-%H_%M_%S'

2021-06-08-17:54:09:
time data 'results' does not match format '%Y-%m-%d-%H_%M_%S'

2021-06-08-17:54:09:
time data '__pycache__' does not match format '%Y-%m-%d-%H_%M_%S'

2021-06-08-17:54:09:
list index out of range

2021-06-08-17:54:48:
time data 'kl' does not match format '%d-%m-%Y'

2021-06-08-17:55:22:
time data '.git' does not match format '%Y-%m-%d-%H_%M_%S'

2021-06-08-17:55:22:
time data 'generarGrafica' does not match format '%Y-%m-%d-%H_%M_%S'

2021-06-08-17:55:22:
time data 'guardarTop20' does not match format '%Y-%m-%d-%H_%M_%S'

2021-06-08-17:55:22:
time data 'log' does not match format '%Y-%m-%d-%H_%M_%S'

2021-06-08-17:55:22:
time data 'results' does not match format '%Y-%m-%d-%H_%M_%S'

2021-06-08-17:55:22:
time data '__pycache__' does not match format '%Y-%m-%d-%H_%M_%S'

2021-06-08-17:55:22:
list index out of range

2021-06-08-17:55:55:
time data '.git' does not match format '%Y-%m-%d-%H_%M_%S'

2021-06-08-17:55:55:
time data 'generarGrafica' does not match format '%Y-%m-%d-%H_%M_%S'

2021-06-08-17:55:55:
time data 'guardarTop20' does not match format '%Y-%m-%d-%H_%M_%S'

2021-06-08-17:55:55:
time data 'log' does not match format '%Y-%m-%d-%H_%M_%S'

2021-06-08-17:55:55:
time data 'results' does not match format '%Y-%m-%d-%H_%M_%S'

2021-06-08-17:55:55:
time data '__pycache__' does not match format '%Y-%m-%d-%H_%M_%S'

2021-06-08-17:55:55:
list index out of range

2021-06-08-17:57:27:
time data '.git' does not match format '%Y-%m-%d-%H_%M_%S'

2021-06-08-17:57:27:
time data 'generarGrafica' does not match format '%Y-%m-%d-%H_%M_%S'

2021-06-08-17:57:27:
time data 'guardarTop20' does not match format '%Y-%m-%d-%H_%M_%S'

2021-06-08-17:57:28:
time data 'log' does not match format '%Y-%m-%d-%H_%M_%S'

2021-06-08-17:57:28:
time data 'results' does not match format '%Y-%m-%d-%H_%M_%S'

2021-06-08-17:57:28:
time data '__pycache__' does not match format '%Y-%m-%d-%H_%M_%S'

2021-06-08-17:57:28:
list index out of range

2021-06-08-17:57:58:
time data '.git' does not match format '%Y-%m-%d-%H_%M_%S'

2021-06-08-17:57:58:
time data 'generarGrafica' does not match format '%Y-%m-%d-%H_%M_%S'

2021-06-08-17:57:58:
time data 'guardarTop20' does not match format '%Y-%m-%d-%H_%M_%S'

2021-06-08-17:57:58:
time data 'log' does not match format '%Y-%m-%d-%H_%M_%S'

2021-06-08-17:57:58:
time data 'results' does not match format '%Y-%m-%d-%H_%M_%S'

2021-06-08-17:57:58:
time data '__pycache__' does not match format '%Y-%m-%d-%H_%M_%S'

2021-06-14-13_55_48:
list index out of range

2021-06-16-20_37_45:
list index out of range

2021-06-16-20_37_57:
list index out of range

